<beans xmlns="http://www.springframework.org/schema/beans"
	xmlns:xsi="http://www.w3.org/2001/XMLSchema-instance" xmlns:aop="http://www.springframework.org/schema/aop"
	xmlns:context="http://www.springframework.org/schema/context"
	xmlns:jee="http://www.springframework.org/schema/jee" xmlns:lang="http://www.springframework.org/schema/lang"
	xmlns:p="http://www.springframework.org/schema/p" xmlns:tx="http://www.springframework.org/schema/tx"
	xmlns:util="http://www.springframework.org/schema/util" xmlns:mvc="http://www.springframework.org/schema/mvc"
	xsi:schemaLocation="http://www.springframework.org/schema/beans http://www.springframework.org/schema/beans/spring-beans.xsd
        http://www.springframework.org/schema/aop http://www.springframework.org/schema/aop/spring-aop.xsd
        http://www.springframework.org/schema/context http://www.springframework.org/schema/context/spring-context.xsd
        http://www.springframework.org/schema/jee http://www.springframework.org/schema/jee/spring-jee.xsd
        http://www.springframework.org/schema/lang http://www.springframework.org/schema/lang/spring-lang.xsd
        http://www.springframework.org/schema/tx http://www.springframework.org/schema/tx/spring-tx.xsd
        http://www.springframework.org/schema/util http://www.springframework.org/schema/util/spring-util.xsd
        http://www.springframework.org/schema/mvc http://www.springframework.org/schema/mvc/spring-mvc.xsd">

	<import resource="classpath:/mvc-dispatcher-servlet.xml" />

	<bean id="ua.com.zaibalo.email.SendEmailService" class="ua.com.zaibalo.email.stub.SendEmailServiceStub" />

	<bean id="dataSource" class = "org.springframework.jdbc.datasource.DriverManagerDataSource" >
        <property name="driverClassName" value="org.h2.Driver" />
		<property name="url" value="jdbc:h2:mem:zaibalo;DB_CLOSE_DELAY=-1;INIT=CREATE SCHEMA IF NOT EXISTS zaibalo" />
		<property name="username" value="user" />
		<property name="password" value="password" />
	</bean>

</beans>